[TELEBOT]2023/05/26 - 17:55:03.028	[34minfo[0m	/home/haola/workspace/backend/go/telebot(it works)/initialize/canal.go:34	canal is running
[TELEBOT]2023/05/26 - 17:55:16.646	[34minfo[0m	/home/haola/workspace/backend/go/telebot(it works)/utils/canal_event.go:55	insert video_changes	{"row": {"ID":1,"Title":"test","PlayURL":"","CreatedAt":"0001-01-01T00:00:00Z","UpdatedAt":"0001-01-01T00:00:00Z"}}
[TELEBOT]2023/05/26 - 17:55:16.646	[34minfo[0m	/home/haola/workspace/backend/go/telebot(it works)/utils/canal_event.go:55	insert video_changes	{"row": {"ID":2,"Title":"test","PlayURL":"","CreatedAt":"0001-01-01T00:00:00Z","UpdatedAt":"0001-01-01T00:00:00Z"}}
[TELEBOT]2023/05/26 - 17:55:16.646	[34minfo[0m	/home/haola/workspace/backend/go/telebot(it works)/utils/canal_event.go:55	insert video_changes	{"row": {"ID":3,"Title":"tet","PlayURL":"","CreatedAt":"0001-01-01T00:00:00Z","UpdatedAt":"0001-01-01T00:00:00Z"}}
[TELEBOT]2023/05/26 - 17:55:16.646	[34minfo[0m	/home/haola/workspace/backend/go/telebot(it works)/utils/canal_event.go:55	insert video_changes	{"row": {"ID":4,"Title":"test","PlayURL":"","CreatedAt":"0001-01-01T00:00:00Z","UpdatedAt":"0001-01-01T00:00:00Z"}}
[TELEBOT]2023/05/26 - 17:56:23.298	[34minfo[0m	/home/haola/workspace/backend/go/telebot(it works)/utils/canal_event.go:55	insert video_changes	{"row": {"ID":5,"Title":"test","PlayURL":"","CreatedAt":"0001-01-01T00:00:00Z","UpdatedAt":"0001-01-01T00:00:00Z"}}
[TELEBOT]2023/05/26 - 17:58:01.058	[34minfo[0m	/home/haola/workspace/backend/go/telebot(it works)/initialize/canal.go:34	canal is running
[TELEBOT]2023/05/26 - 17:58:13.569	[34minfo[0m	/home/haola/workspace/backend/go/telebot(it works)/utils/canal_event.go:55	insert video_changes	{"row": {"ID":1,"Title":"test","PlayURL":"","CreatedAt":"0001-01-01T00:00:00Z","UpdatedAt":"0001-01-01T00:00:00Z"}}
[TELEBOT]2023/05/26 - 17:58:13.569	[34minfo[0m	/home/haola/workspace/backend/go/telebot(it works)/utils/canal_event.go:55	insert video_changes	{"row": {"ID":2,"Title":"test","PlayURL":"","CreatedAt":"0001-01-01T00:00:00Z","UpdatedAt":"0001-01-01T00:00:00Z"}}
[TELEBOT]2023/05/26 - 17:58:13.569	[34minfo[0m	/home/haola/workspace/backend/go/telebot(it works)/utils/canal_event.go:55	insert video_changes	{"row": {"ID":3,"Title":"tet","PlayURL":"","CreatedAt":"0001-01-01T00:00:00Z","UpdatedAt":"0001-01-01T00:00:00Z"}}
[TELEBOT]2023/05/26 - 17:58:13.569	[34minfo[0m	/home/haola/workspace/backend/go/telebot(it works)/utils/canal_event.go:55	insert video_changes	{"row": {"ID":4,"Title":"test","PlayURL":"","CreatedAt":"0001-01-01T00:00:00Z","UpdatedAt":"0001-01-01T00:00:00Z"}}
[TELEBOT]2023/05/26 - 17:58:13.569	[34minfo[0m	/home/haola/workspace/backend/go/telebot(it works)/utils/canal_event.go:55	insert video_changes	{"row": {"ID":5,"Title":"test","PlayURL":"","CreatedAt":"0001-01-01T00:00:00Z","UpdatedAt":"0001-01-01T00:00:00Z"}}
[TELEBOT]2023/05/26 - 18:00:12.811	[34minfo[0m	/home/haola/workspace/backend/go/telebot(it works)/initialize/canal.go:34	canal is running
[TELEBOT]2023/05/26 - 18:00:35.497	[34minfo[0m	/home/haola/workspace/backend/go/telebot(it works)/initialize/canal.go:34	canal is running
[TELEBOT]2023/05/26 - 18:00:47.722	[34minfo[0m	/home/haola/workspace/backend/go/telebot(it works)/utils/canal_event.go:55	insert video_changes	{"row": {"ID":1,"Title":"test","PlayURL":"","CreatedAt":"0001-01-01T00:00:00Z","UpdatedAt":"0001-01-01T00:00:00Z"}}
[TELEBOT]2023/05/26 - 18:00:47.723	[34minfo[0m	/home/haola/workspace/backend/go/telebot(it works)/utils/canal_event.go:55	insert video_changes	{"row": {"ID":2,"Title":"test","PlayURL":"","CreatedAt":"0001-01-01T00:00:00Z","UpdatedAt":"0001-01-01T00:00:00Z"}}
[TELEBOT]2023/05/26 - 18:00:47.723	[34minfo[0m	/home/haola/workspace/backend/go/telebot(it works)/utils/canal_event.go:55	insert video_changes	{"row": {"ID":3,"Title":"tet","PlayURL":"","CreatedAt":"0001-01-01T00:00:00Z","UpdatedAt":"0001-01-01T00:00:00Z"}}
[TELEBOT]2023/05/26 - 18:00:47.723	[34minfo[0m	/home/haola/workspace/backend/go/telebot(it works)/utils/canal_event.go:55	insert video_changes	{"row": {"ID":4,"Title":"test","PlayURL":"","CreatedAt":"0001-01-01T00:00:00Z","UpdatedAt":"0001-01-01T00:00:00Z"}}
[TELEBOT]2023/05/26 - 18:00:47.723	[34minfo[0m	/home/haola/workspace/backend/go/telebot(it works)/utils/canal_event.go:55	insert video_changes	{"row": {"ID":5,"Title":"test","PlayURL":"","CreatedAt":"0001-01-01T00:00:00Z","UpdatedAt":"0001-01-01T00:00:00Z"}}
[TELEBOT]2023/05/26 - 18:02:29.614	[34minfo[0m	/home/haola/workspace/backend/go/telebot(it works)/initialize/canal.go:34	canal is running
[TELEBOT]2023/05/26 - 18:04:29.751	[34minfo[0m	/home/haola/workspace/backend/go/telebot(it works)/initialize/canal.go:34	canal is running
[TELEBOT]2023/05/26 - 18:05:13.252	[34minfo[0m	/home/haola/workspace/backend/go/telebot(it works)/initialize/canal.go:34	canal is running
[TELEBOT]2023/05/26 - 18:05:25.751	[34minfo[0m	/home/haola/workspace/backend/go/telebot(it works)/utils/canal_event.go:52	insert video_changes	{"row": {"ID":1,"Title":"test","PlayURL":"","CreatedAt":"0001-01-01T00:00:00Z","UpdatedAt":"0001-01-01T00:00:00Z"}}
[TELEBOT]2023/05/26 - 18:05:25.751	[34minfo[0m	/home/haola/workspace/backend/go/telebot(it works)/utils/canal_event.go:52	insert video_changes	{"row": {"ID":2,"Title":"test","PlayURL":"","CreatedAt":"0001-01-01T00:00:00Z","UpdatedAt":"0001-01-01T00:00:00Z"}}
[TELEBOT]2023/05/26 - 18:05:25.751	[34minfo[0m	/home/haola/workspace/backend/go/telebot(it works)/utils/canal_event.go:52	insert video_changes	{"row": {"ID":3,"Title":"tet","PlayURL":"","CreatedAt":"0001-01-01T00:00:00Z","UpdatedAt":"0001-01-01T00:00:00Z"}}
[TELEBOT]2023/05/26 - 18:05:25.751	[34minfo[0m	/home/haola/workspace/backend/go/telebot(it works)/utils/canal_event.go:52	insert video_changes	{"row": {"ID":4,"Title":"test","PlayURL":"","CreatedAt":"0001-01-01T00:00:00Z","UpdatedAt":"0001-01-01T00:00:00Z"}}
[TELEBOT]2023/05/26 - 18:05:25.751	[34minfo[0m	/home/haola/workspace/backend/go/telebot(it works)/utils/canal_event.go:52	insert video_changes	{"row": {"ID":5,"Title":"test","PlayURL":"","CreatedAt":"0001-01-01T00:00:00Z","UpdatedAt":"0001-01-01T00:00:00Z"}}
[TELEBOT]2023/05/26 - 18:05:59.768	[34minfo[0m	/home/haola/workspace/backend/go/telebot(it works)/utils/canal_event.go:52	insert video_changes	{"row": {"ID":6,"Title":"asdf","PlayURL":"","CreatedAt":"0001-01-01T00:00:00Z","UpdatedAt":"0001-01-01T00:00:00Z"}}
[TELEBOT]2023/05/26 - 18:07:48.755	[34minfo[0m	/home/haola/workspace/backend/go/telebot(it works)/initialize/canal.go:34	canal is running
[TELEBOT]2023/05/26 - 18:08:01.075	[34minfo[0m	/home/haola/workspace/backend/go/telebot(it works)/utils/canal_event.go:52	insert video_changes	{"row": {"ID":1,"Title":"test","PlayURL":"","DownURL":"","CreatedAt":"0001-01-01T00:00:00Z","UpdatedAt":"0001-01-01T00:00:00Z"}}
[TELEBOT]2023/05/26 - 18:08:01.075	[34minfo[0m	/home/haola/workspace/backend/go/telebot(it works)/utils/canal_event.go:52	insert video_changes	{"row": {"ID":2,"Title":"test","PlayURL":"","DownURL":"","CreatedAt":"0001-01-01T00:00:00Z","UpdatedAt":"0001-01-01T00:00:00Z"}}
[TELEBOT]2023/05/26 - 18:08:01.075	[34minfo[0m	/home/haola/workspace/backend/go/telebot(it works)/utils/canal_event.go:52	insert video_changes	{"row": {"ID":3,"Title":"tet","PlayURL":"","DownURL":"","CreatedAt":"0001-01-01T00:00:00Z","UpdatedAt":"0001-01-01T00:00:00Z"}}
[TELEBOT]2023/05/26 - 18:08:01.075	[34minfo[0m	/home/haola/workspace/backend/go/telebot(it works)/utils/canal_event.go:52	insert video_changes	{"row": {"ID":4,"Title":"test","PlayURL":"","DownURL":"","CreatedAt":"0001-01-01T00:00:00Z","UpdatedAt":"0001-01-01T00:00:00Z"}}
[TELEBOT]2023/05/26 - 18:08:01.075	[34minfo[0m	/home/haola/workspace/backend/go/telebot(it works)/utils/canal_event.go:52	insert video_changes	{"row": {"ID":5,"Title":"test","PlayURL":"","DownURL":"","CreatedAt":"0001-01-01T00:00:00Z","UpdatedAt":"0001-01-01T00:00:00Z"}}
[TELEBOT]2023/05/26 - 18:08:01.075	[34minfo[0m	/home/haola/workspace/backend/go/telebot(it works)/utils/canal_event.go:52	insert video_changes	{"row": {"ID":6,"Title":"asdf","PlayURL":"","DownURL":"","CreatedAt":"0001-01-01T00:00:00Z","UpdatedAt":"0001-01-01T00:00:00Z"}}
[TELEBOT]2023/05/26 - 18:08:59.764	[34minfo[0m	/home/haola/workspace/backend/go/telebot(it works)/initialize/canal.go:34	canal is running
[TELEBOT]2023/05/26 - 18:09:12.000	[34minfo[0m	/home/haola/workspace/backend/go/telebot(it works)/utils/canal_event.go:52	insert video_changes	{"row": {"ID":1,"Title":"test","play_url":"","down_url":"","CreatedAt":"0001-01-01T00:00:00Z","UpdatedAt":"0001-01-01T00:00:00Z"}}
[TELEBOT]2023/05/26 - 18:09:12.000	[34minfo[0m	/home/haola/workspace/backend/go/telebot(it works)/utils/canal_event.go:52	insert video_changes	{"row": {"ID":2,"Title":"test","play_url":"","down_url":"","CreatedAt":"0001-01-01T00:00:00Z","UpdatedAt":"0001-01-01T00:00:00Z"}}
[TELEBOT]2023/05/26 - 18:09:12.000	[34minfo[0m	/home/haola/workspace/backend/go/telebot(it works)/utils/canal_event.go:52	insert video_changes	{"row": {"ID":3,"Title":"tet","play_url":"","down_url":"","CreatedAt":"0001-01-01T00:00:00Z","UpdatedAt":"0001-01-01T00:00:00Z"}}
[TELEBOT]2023/05/26 - 18:09:12.000	[34minfo[0m	/home/haola/workspace/backend/go/telebot(it works)/utils/canal_event.go:52	insert video_changes	{"row": {"ID":4,"Title":"test","play_url":"","down_url":"","CreatedAt":"0001-01-01T00:00:00Z","UpdatedAt":"0001-01-01T00:00:00Z"}}
[TELEBOT]2023/05/26 - 18:09:12.000	[34minfo[0m	/home/haola/workspace/backend/go/telebot(it works)/utils/canal_event.go:52	insert video_changes	{"row": {"ID":5,"Title":"test","play_url":"","down_url":"","CreatedAt":"0001-01-01T00:00:00Z","UpdatedAt":"0001-01-01T00:00:00Z"}}
[TELEBOT]2023/05/26 - 18:09:12.000	[34minfo[0m	/home/haola/workspace/backend/go/telebot(it works)/utils/canal_event.go:52	insert video_changes	{"row": {"ID":6,"Title":"asdf","play_url":"","down_url":"","CreatedAt":"0001-01-01T00:00:00Z","UpdatedAt":"0001-01-01T00:00:00Z"}}
[TELEBOT]2023/05/26 - 18:09:54.553	[34minfo[0m	/home/haola/workspace/backend/go/telebot(it works)/initialize/canal.go:34	canal is running
[TELEBOT]2023/05/26 - 18:10:06.875	[34minfo[0m	/home/haola/workspace/backend/go/telebot(it works)/utils/canal_event.go:52	insert video_changes	{"row": {"ID":1,"Title":"test","play_url":"","down_url":"","CreatedAt":"0001-01-01T00:00:00Z","UpdatedAt":"0001-01-01T00:00:00Z"}}
[TELEBOT]2023/05/26 - 18:10:06.875	[34minfo[0m	/home/haola/workspace/backend/go/telebot(it works)/utils/canal_event.go:52	insert video_changes	{"row": {"ID":2,"Title":"test","play_url":"","down_url":"","CreatedAt":"0001-01-01T00:00:00Z","UpdatedAt":"0001-01-01T00:00:00Z"}}
[TELEBOT]2023/05/26 - 18:10:06.875	[34minfo[0m	/home/haola/workspace/backend/go/telebot(it works)/utils/canal_event.go:52	insert video_changes	{"row": {"ID":3,"Title":"tet","play_url":"","down_url":"","CreatedAt":"0001-01-01T00:00:00Z","UpdatedAt":"0001-01-01T00:00:00Z"}}
[TELEBOT]2023/05/26 - 18:10:06.875	[34minfo[0m	/home/haola/workspace/backend/go/telebot(it works)/utils/canal_event.go:52	insert video_changes	{"row": {"ID":4,"Title":"test","play_url":"","down_url":"","CreatedAt":"0001-01-01T00:00:00Z","UpdatedAt":"0001-01-01T00:00:00Z"}}
[TELEBOT]2023/05/26 - 18:10:06.875	[34minfo[0m	/home/haola/workspace/backend/go/telebot(it works)/utils/canal_event.go:52	insert video_changes	{"row": {"ID":5,"Title":"test","play_url":"","down_url":"","CreatedAt":"0001-01-01T00:00:00Z","UpdatedAt":"0001-01-01T00:00:00Z"}}
[TELEBOT]2023/05/26 - 18:10:06.875	[34minfo[0m	/home/haola/workspace/backend/go/telebot(it works)/utils/canal_event.go:52	insert video_changes	{"row": {"ID":6,"Title":"asdf","play_url":"","down_url":"","CreatedAt":"0001-01-01T00:00:00Z","UpdatedAt":"0001-01-01T00:00:00Z"}}
[TELEBOT]2023/05/26 - 18:12:05.140	[34minfo[0m	/home/haola/workspace/backend/go/telebot(it works)/initialize/canal.go:34	canal is running
[TELEBOT]2023/05/26 - 18:12:17.465	[34minfo[0m	/home/haola/workspace/backend/go/telebot(it works)/utils/canal_event.go:52	insert video_changes	{"row": {"ID":1,"Title":"test","play_url":"","down_url":"","CreatedAt":"0001-01-01T00:00:00Z","UpdatedAt":"0001-01-01T00:00:00Z"}}
[TELEBOT]2023/05/26 - 18:12:17.465	[34minfo[0m	/home/haola/workspace/backend/go/telebot(it works)/utils/canal_event.go:52	insert video_changes	{"row": {"ID":2,"Title":"test","play_url":"","down_url":"","CreatedAt":"0001-01-01T00:00:00Z","UpdatedAt":"0001-01-01T00:00:00Z"}}
[TELEBOT]2023/05/26 - 18:12:17.465	[34minfo[0m	/home/haola/workspace/backend/go/telebot(it works)/utils/canal_event.go:52	insert video_changes	{"row": {"ID":3,"Title":"tet","play_url":"","down_url":"","CreatedAt":"0001-01-01T00:00:00Z","UpdatedAt":"0001-01-01T00:00:00Z"}}
[TELEBOT]2023/05/26 - 18:12:17.465	[34minfo[0m	/home/haola/workspace/backend/go/telebot(it works)/utils/canal_event.go:52	insert video_changes	{"row": {"ID":4,"Title":"test","play_url":"","down_url":"","CreatedAt":"0001-01-01T00:00:00Z","UpdatedAt":"0001-01-01T00:00:00Z"}}
[TELEBOT]2023/05/26 - 18:12:17.465	[34minfo[0m	/home/haola/workspace/backend/go/telebot(it works)/utils/canal_event.go:52	insert video_changes	{"row": {"ID":5,"Title":"test","play_url":"","down_url":"","CreatedAt":"0001-01-01T00:00:00Z","UpdatedAt":"0001-01-01T00:00:00Z"}}
[TELEBOT]2023/05/26 - 18:12:17.465	[34minfo[0m	/home/haola/workspace/backend/go/telebot(it works)/utils/canal_event.go:52	insert video_changes	{"row": {"ID":6,"Title":"asdf","play_url":"","down_url":"","CreatedAt":"0001-01-01T00:00:00Z","UpdatedAt":"0001-01-01T00:00:00Z"}}
[TELEBOT]2023/05/26 - 18:13:55.515	[34minfo[0m	/home/haola/workspace/backend/go/telebot(it works)/initialize/canal.go:34	canal is running
[TELEBOT]2023/05/26 - 18:14:07.764	[34minfo[0m	/home/haola/workspace/backend/go/telebot(it works)/utils/canal_event.go:52	insert video_changes	{"row": {"ID":1,"Title":"test","PlayUrl":"","DownUrl":"","CreatedAt":"0001-01-01T00:00:00Z","UpdatedAt":"0001-01-01T00:00:00Z"}}
[TELEBOT]2023/05/26 - 18:14:07.764	[34minfo[0m	/home/haola/workspace/backend/go/telebot(it works)/utils/canal_event.go:52	insert video_changes	{"row": {"ID":2,"Title":"test","PlayUrl":"test","DownUrl":"test","CreatedAt":"0001-01-01T00:00:00Z","UpdatedAt":"0001-01-01T00:00:00Z"}}
[TELEBOT]2023/05/26 - 18:14:07.765	[34minfo[0m	/home/haola/workspace/backend/go/telebot(it works)/utils/canal_event.go:52	insert video_changes	{"row": {"ID":3,"Title":"tet","PlayUrl":"test","DownUrl":"test","CreatedAt":"0001-01-01T00:00:00Z","UpdatedAt":"0001-01-01T00:00:00Z"}}
[TELEBOT]2023/05/26 - 18:14:07.765	[34minfo[0m	/home/haola/workspace/backend/go/telebot(it works)/utils/canal_event.go:52	insert video_changes	{"row": {"ID":4,"Title":"test","PlayUrl":"test","DownUrl":"test","CreatedAt":"0001-01-01T00:00:00Z","UpdatedAt":"0001-01-01T00:00:00Z"}}
[TELEBOT]2023/05/26 - 18:14:07.765	[34minfo[0m	/home/haola/workspace/backend/go/telebot(it works)/utils/canal_event.go:52	insert video_changes	{"row": {"ID":5,"Title":"test","PlayUrl":"test","DownUrl":"test","CreatedAt":"0001-01-01T00:00:00Z","UpdatedAt":"0001-01-01T00:00:00Z"}}
[TELEBOT]2023/05/26 - 18:14:07.765	[34minfo[0m	/home/haola/workspace/backend/go/telebot(it works)/utils/canal_event.go:52	insert video_changes	{"row": {"ID":6,"Title":"asdf","PlayUrl":"asdf","DownUrl":"adsf","CreatedAt":"0001-01-01T00:00:00Z","UpdatedAt":"0001-01-01T00:00:00Z"}}
[TELEBOT]2023/05/26 - 18:14:23.674	[34minfo[0m	/home/haola/workspace/backend/go/telebot(it works)/initialize/canal.go:34	canal is running
[TELEBOT]2023/05/26 - 18:15:07.335	[34minfo[0m	/home/haola/workspace/backend/go/telebot(it works)/initialize/canal.go:34	canal is running
[TELEBOT]2023/05/26 - 18:16:31.265	[34minfo[0m	/home/haola/workspace/backend/go/telebot(it works)/initialize/canal.go:34	canal is running
[TELEBOT]2023/05/26 - 18:18:06.237	[34minfo[0m	/home/haola/workspace/backend/go/telebot(it works)/initialize/canal.go:34	canal is running
[TELEBOT]2023/05/26 - 18:18:31.944	[34minfo[0m	/home/haola/workspace/backend/go/telebot(it works)/utils/canal_event.go:56	insert video_changes	{"row": {"ID":1,"Title":"test","PlayUrl":"","DownUrl":"","CreatedAt":{"Time":"0001-01-01T00:00:00Z","Valid":false},"UpdatedAt":{"Time":"0001-01-01T00:00:00Z","Valid":false}}}
[TELEBOT]2023/05/26 - 18:18:31.945	[34minfo[0m	/home/haola/workspace/backend/go/telebot(it works)/utils/canal_event.go:56	insert video_changes	{"row": {"ID":2,"Title":"test","PlayUrl":"test","DownUrl":"test","CreatedAt":{"Time":"0001-01-01T00:00:00Z","Valid":false},"UpdatedAt":{"Time":"0001-01-01T00:00:00Z","Valid":false}}}
[TELEBOT]2023/05/26 - 18:18:31.945	[34minfo[0m	/home/haola/workspace/backend/go/telebot(it works)/utils/canal_event.go:56	insert video_changes	{"row": {"ID":3,"Title":"tet","PlayUrl":"test","DownUrl":"test","CreatedAt":{"Time":"0001-01-01T00:00:00Z","Valid":false},"UpdatedAt":{"Time":"0001-01-01T00:00:00Z","Valid":false}}}
[TELEBOT]2023/05/26 - 18:18:31.945	[34minfo[0m	/home/haola/workspace/backend/go/telebot(it works)/utils/canal_event.go:56	insert video_changes	{"row": {"ID":4,"Title":"test","PlayUrl":"test","DownUrl":"test","CreatedAt":{"Time":"0001-01-01T00:00:00Z","Valid":false},"UpdatedAt":{"Time":"0001-01-01T00:00:00Z","Valid":false}}}
[TELEBOT]2023/05/26 - 18:18:31.945	[34minfo[0m	/home/haola/workspace/backend/go/telebot(it works)/utils/canal_event.go:56	insert video_changes	{"row": {"ID":5,"Title":"test","PlayUrl":"test","DownUrl":"test","CreatedAt":{"Time":"0001-01-01T00:00:00Z","Valid":false},"UpdatedAt":{"Time":"0001-01-01T00:00:00Z","Valid":false}}}
[TELEBOT]2023/05/26 - 18:18:31.945	[34minfo[0m	/home/haola/workspace/backend/go/telebot(it works)/utils/canal_event.go:56	insert video_changes	{"row": {"ID":6,"Title":"asdf","PlayUrl":"asdf","DownUrl":"adsf","CreatedAt":{"Time":"0001-01-01T00:00:00Z","Valid":false},"UpdatedAt":{"Time":"0001-01-01T00:00:00Z","Valid":false}}}
[TELEBOT]2023/05/26 - 18:19:07.619	[34minfo[0m	/home/haola/workspace/backend/go/telebot(it works)/initialize/canal.go:34	canal is running
[TELEBOT]2023/05/26 - 18:19:20.266	[34minfo[0m	/home/haola/workspace/backend/go/telebot(it works)/utils/canal_event.go:54	insert video_changes	{"row": {"ID":1,"Title":"test","PlayUrl":"","DownUrl":"","CreatedAt":{"Time":"0001-01-01T00:00:00Z","Valid":false},"UpdatedAt":{"Time":"0001-01-01T00:00:00Z","Valid":false}}}
[TELEBOT]2023/05/26 - 18:19:20.266	[34minfo[0m	/home/haola/workspace/backend/go/telebot(it works)/utils/canal_event.go:54	insert video_changes	{"row": {"ID":2,"Title":"test","PlayUrl":"test","DownUrl":"test","CreatedAt":{"Time":"0001-01-01T00:00:00Z","Valid":false},"UpdatedAt":{"Time":"0001-01-01T00:00:00Z","Valid":false}}}
[TELEBOT]2023/05/26 - 18:19:20.266	[34minfo[0m	/home/haola/workspace/backend/go/telebot(it works)/utils/canal_event.go:54	insert video_changes	{"row": {"ID":3,"Title":"tet","PlayUrl":"test","DownUrl":"test","CreatedAt":{"Time":"0001-01-01T00:00:00Z","Valid":false},"UpdatedAt":{"Time":"0001-01-01T00:00:00Z","Valid":false}}}
[TELEBOT]2023/05/26 - 18:19:20.266	[34minfo[0m	/home/haola/workspace/backend/go/telebot(it works)/utils/canal_event.go:54	insert video_changes	{"row": {"ID":4,"Title":"test","PlayUrl":"test","DownUrl":"test","CreatedAt":{"Time":"0001-01-01T00:00:00Z","Valid":false},"UpdatedAt":{"Time":"0001-01-01T00:00:00Z","Valid":false}}}
[TELEBOT]2023/05/26 - 18:19:20.266	[34minfo[0m	/home/haola/workspace/backend/go/telebot(it works)/utils/canal_event.go:54	insert video_changes	{"row": {"ID":5,"Title":"test","PlayUrl":"test","DownUrl":"test","CreatedAt":{"Time":"0001-01-01T00:00:00Z","Valid":false},"UpdatedAt":{"Time":"0001-01-01T00:00:00Z","Valid":false}}}
[TELEBOT]2023/05/26 - 18:19:20.266	[34minfo[0m	/home/haola/workspace/backend/go/telebot(it works)/utils/canal_event.go:54	insert video_changes	{"row": {"ID":6,"Title":"asdf","PlayUrl":"asdf","DownUrl":"adsf","CreatedAt":{"Time":"0001-01-01T00:00:00Z","Valid":false},"UpdatedAt":{"Time":"0001-01-01T00:00:00Z","Valid":false}}}
[TELEBOT]2023/05/26 - 18:19:58.196	[34minfo[0m	/home/haola/workspace/backend/go/telebot(it works)/initialize/canal.go:34	canal is running
[TELEBOT]2023/05/26 - 18:20:10.810	[34minfo[0m	/home/haola/workspace/backend/go/telebot(it works)/utils/canal_event.go:54	insert video_changes	{"row": {"ID":1,"Title":"test","PlayUrl":"","DownUrl":"","CreatedAt":{"Time":"0001-01-01T00:00:00Z","Valid":false},"UpdatedAt":{"Time":"0001-01-01T00:00:00Z","Valid":false}}}
[TELEBOT]2023/05/26 - 18:20:10.810	[34minfo[0m	/home/haola/workspace/backend/go/telebot(it works)/utils/canal_event.go:54	insert video_changes	{"row": {"ID":2,"Title":"test","PlayUrl":"test","DownUrl":"test","CreatedAt":{"Time":"0001-01-01T00:00:00Z","Valid":false},"UpdatedAt":{"Time":"0001-01-01T00:00:00Z","Valid":false}}}
[TELEBOT]2023/05/26 - 18:20:10.810	[34minfo[0m	/home/haola/workspace/backend/go/telebot(it works)/utils/canal_event.go:54	insert video_changes	{"row": {"ID":3,"Title":"tet","PlayUrl":"test","DownUrl":"test","CreatedAt":{"Time":"0001-01-01T00:00:00Z","Valid":false},"UpdatedAt":{"Time":"0001-01-01T00:00:00Z","Valid":false}}}
[TELEBOT]2023/05/26 - 18:20:10.810	[34minfo[0m	/home/haola/workspace/backend/go/telebot(it works)/utils/canal_event.go:54	insert video_changes	{"row": {"ID":4,"Title":"test","PlayUrl":"test","DownUrl":"test","CreatedAt":{"Time":"0001-01-01T00:00:00Z","Valid":false},"UpdatedAt":{"Time":"0001-01-01T00:00:00Z","Valid":false}}}
[TELEBOT]2023/05/26 - 18:20:10.810	[34minfo[0m	/home/haola/workspace/backend/go/telebot(it works)/utils/canal_event.go:54	insert video_changes	{"row": {"ID":5,"Title":"test","PlayUrl":"test","DownUrl":"test","CreatedAt":{"Time":"0001-01-01T00:00:00Z","Valid":false},"UpdatedAt":{"Time":"0001-01-01T00:00:00Z","Valid":false}}}
[TELEBOT]2023/05/26 - 18:20:10.810	[34minfo[0m	/home/haola/workspace/backend/go/telebot(it works)/utils/canal_event.go:54	insert video_changes	{"row": {"ID":6,"Title":"asdf","PlayUrl":"asdf","DownUrl":"adsf","CreatedAt":{"Time":"0001-01-01T00:00:00Z","Valid":false},"UpdatedAt":{"Time":"0001-01-01T00:00:00Z","Valid":false}}}
[TELEBOT]2023/05/26 - 18:20:48.371	[34minfo[0m	/home/haola/workspace/backend/go/telebot(it works)/initialize/canal.go:34	canal is running
[TELEBOT]2023/05/26 - 18:21:01.041	[34minfo[0m	/home/haola/workspace/backend/go/telebot(it works)/utils/canal_event.go:54	insert video_changes	{"row": {"ID":1,"Title":"test","PlayUrl":"","DownUrl":"","CreatedAt":{"Time":"0001-01-01T00:00:00Z","Valid":false},"UpdatedAt":{"Time":"0001-01-01T00:00:00Z","Valid":false}}}
[TELEBOT]2023/05/26 - 18:21:01.041	[34minfo[0m	/home/haola/workspace/backend/go/telebot(it works)/utils/canal_event.go:54	insert video_changes	{"row": {"ID":2,"Title":"test","PlayUrl":"test","DownUrl":"test","CreatedAt":{"Time":"0001-01-01T00:00:00Z","Valid":false},"UpdatedAt":{"Time":"0001-01-01T00:00:00Z","Valid":false}}}
[TELEBOT]2023/05/26 - 18:21:01.041	[34minfo[0m	/home/haola/workspace/backend/go/telebot(it works)/utils/canal_event.go:54	insert video_changes	{"row": {"ID":3,"Title":"tet","PlayUrl":"test","DownUrl":"test","CreatedAt":{"Time":"0001-01-01T00:00:00Z","Valid":false},"UpdatedAt":{"Time":"0001-01-01T00:00:00Z","Valid":false}}}
[TELEBOT]2023/05/26 - 18:21:01.041	[34minfo[0m	/home/haola/workspace/backend/go/telebot(it works)/utils/canal_event.go:54	insert video_changes	{"row": {"ID":4,"Title":"test","PlayUrl":"test","DownUrl":"test","CreatedAt":{"Time":"0001-01-01T00:00:00Z","Valid":false},"UpdatedAt":{"Time":"0001-01-01T00:00:00Z","Valid":false}}}
[TELEBOT]2023/05/26 - 18:21:01.041	[34minfo[0m	/home/haola/workspace/backend/go/telebot(it works)/utils/canal_event.go:54	insert video_changes	{"row": {"ID":5,"Title":"test","PlayUrl":"test","DownUrl":"test","CreatedAt":{"Time":"0001-01-01T00:00:00Z","Valid":false},"UpdatedAt":{"Time":"0001-01-01T00:00:00Z","Valid":false}}}
[TELEBOT]2023/05/26 - 18:21:01.041	[34minfo[0m	/home/haola/workspace/backend/go/telebot(it works)/utils/canal_event.go:54	insert video_changes	{"row": {"ID":6,"Title":"asdf","PlayUrl":"asdf","DownUrl":"adsf","CreatedAt":{"Time":"0001-01-01T00:00:00Z","Valid":false},"UpdatedAt":{"Time":"0001-01-01T00:00:00Z","Valid":false}}}
[TELEBOT]2023/05/26 - 18:21:20.907	[34minfo[0m	/home/haola/workspace/backend/go/telebot(it works)/initialize/canal.go:34	canal is running
[TELEBOT]2023/05/26 - 18:22:26.397	[34minfo[0m	/home/haola/workspace/backend/go/telebot(it works)/initialize/canal.go:34	canal is running
[TELEBOT]2023/05/26 - 18:23:19.818	[34minfo[0m	/home/haola/workspace/backend/go/telebot(it works)/initialize/canal.go:34	canal is running
[TELEBOT]2023/05/26 - 18:24:43.196	[34minfo[0m	/home/haola/workspace/backend/go/telebot(it works)/initialize/canal.go:34	canal is running
[TELEBOT]2023/05/26 - 18:25:27.687	[34minfo[0m	/home/haola/workspace/backend/go/telebot(it works)/initialize/canal.go:34	canal is running
[TELEBOT]2023/05/26 - 18:25:40.010	[34minfo[0m	/home/haola/workspace/backend/go/telebot(it works)/utils/canal_event.go:59	insert video_changes	{"row": {"ID":1,"Title":"test","PlayUrl":"","DownUrl":"","CreatedAt":{"Time":"0001-01-01T00:00:00Z","Valid":false},"UpdatedAt":{"Time":"0001-01-01T00:00:00Z","Valid":false}}}
[TELEBOT]2023/05/26 - 18:25:40.010	[34minfo[0m	/home/haola/workspace/backend/go/telebot(it works)/utils/canal_event.go:59	insert video_changes	{"row": {"ID":2,"Title":"test","PlayUrl":"test","DownUrl":"test","CreatedAt":{"Time":"0001-01-01T00:00:00Z","Valid":false},"UpdatedAt":{"Time":"0001-01-01T00:00:00Z","Valid":false}}}
[TELEBOT]2023/05/26 - 18:25:40.010	[34minfo[0m	/home/haola/workspace/backend/go/telebot(it works)/utils/canal_event.go:59	insert video_changes	{"row": {"ID":3,"Title":"tet","PlayUrl":"test","DownUrl":"test","CreatedAt":{"Time":"0001-01-01T00:00:00Z","Valid":false},"UpdatedAt":{"Time":"0001-01-01T00:00:00Z","Valid":false}}}
[TELEBOT]2023/05/26 - 18:25:40.010	[34minfo[0m	/home/haola/workspace/backend/go/telebot(it works)/utils/canal_event.go:59	insert video_changes	{"row": {"ID":4,"Title":"test","PlayUrl":"test","DownUrl":"test","CreatedAt":{"Time":"0001-01-01T00:00:00Z","Valid":false},"UpdatedAt":{"Time":"0001-01-01T00:00:00Z","Valid":false}}}
[TELEBOT]2023/05/26 - 18:25:40.010	[34minfo[0m	/home/haola/workspace/backend/go/telebot(it works)/utils/canal_event.go:59	insert video_changes	{"row": {"ID":5,"Title":"test","PlayUrl":"test","DownUrl":"test","CreatedAt":{"Time":"0001-01-01T00:00:00Z","Valid":false},"UpdatedAt":{"Time":"0001-01-01T00:00:00Z","Valid":false}}}
[TELEBOT]2023/05/26 - 18:25:40.010	[34minfo[0m	/home/haola/workspace/backend/go/telebot(it works)/utils/canal_event.go:59	insert video_changes	{"row": {"ID":6,"Title":"asdf","PlayUrl":"asdf","DownUrl":"adsf","CreatedAt":{"Time":"0001-01-01T00:00:00Z","Valid":false},"UpdatedAt":{"Time":"0001-01-01T00:00:00Z","Valid":false}}}
[TELEBOT]2023/05/26 - 18:26:42.754	[34minfo[0m	/home/haola/workspace/backend/go/telebot(it works)/initialize/canal.go:34	canal is running
[TELEBOT]2023/05/26 - 18:26:55.054	[34minfo[0m	/home/haola/workspace/backend/go/telebot(it works)/utils/canal_event.go:59	insert video_changes	{"row": {"ID":1,"Title":"test","PlayUrl":"","DownUrl":"","CreatedAt":{"Time":"0001-01-01T00:00:00Z","Valid":false},"UpdatedAt":{"Time":"0001-01-01T00:00:00Z","Valid":false}}}
[TELEBOT]2023/05/26 - 18:26:55.054	[34minfo[0m	/home/haola/workspace/backend/go/telebot(it works)/utils/canal_event.go:59	insert video_changes	{"row": {"ID":2,"Title":"test","PlayUrl":"test","DownUrl":"test","CreatedAt":{"Time":"0001-01-01T00:00:00Z","Valid":false},"UpdatedAt":{"Time":"0001-01-01T00:00:00Z","Valid":false}}}
[TELEBOT]2023/05/26 - 18:26:55.054	[34minfo[0m	/home/haola/workspace/backend/go/telebot(it works)/utils/canal_event.go:59	insert video_changes	{"row": {"ID":3,"Title":"tet","PlayUrl":"test","DownUrl":"test","CreatedAt":{"Time":"0001-01-01T00:00:00Z","Valid":false},"UpdatedAt":{"Time":"0001-01-01T00:00:00Z","Valid":false}}}
[TELEBOT]2023/05/26 - 18:26:55.054	[34minfo[0m	/home/haola/workspace/backend/go/telebot(it works)/utils/canal_event.go:59	insert video_changes	{"row": {"ID":4,"Title":"test","PlayUrl":"test","DownUrl":"test","CreatedAt":{"Time":"0001-01-01T00:00:00Z","Valid":false},"UpdatedAt":{"Time":"0001-01-01T00:00:00Z","Valid":false}}}
[TELEBOT]2023/05/26 - 18:26:55.054	[34minfo[0m	/home/haola/workspace/backend/go/telebot(it works)/utils/canal_event.go:59	insert video_changes	{"row": {"ID":5,"Title":"test","PlayUrl":"test","DownUrl":"test","CreatedAt":{"Time":"0001-01-01T00:00:00Z","Valid":false},"UpdatedAt":{"Time":"0001-01-01T00:00:00Z","Valid":false}}}
[TELEBOT]2023/05/26 - 18:26:55.054	[34minfo[0m	/home/haola/workspace/backend/go/telebot(it works)/utils/canal_event.go:59	insert video_changes	{"row": {"ID":6,"Title":"asdf","PlayUrl":"asdf","DownUrl":"adsf","CreatedAt":{"Time":"0001-01-01T00:00:00Z","Valid":false},"UpdatedAt":{"Time":"0001-01-01T00:00:00Z","Valid":false}}}
[TELEBOT]2023/05/26 - 18:27:14.199	[34minfo[0m	/home/haola/workspace/backend/go/telebot(it works)/initialize/canal.go:34	canal is running
[TELEBOT]2023/05/26 - 18:27:26.629	[34minfo[0m	/home/haola/workspace/backend/go/telebot(it works)/utils/canal_event.go:59	insert video_changes	{"row": {"ID":1,"Title":"test","PlayUrl":"","DownUrl":"","CreatedAt":"2023-05-23T17:00:02Z","UpdatedAt":"2023-05-23T17:00:02Z"}}
[TELEBOT]2023/05/26 - 18:27:26.629	[34minfo[0m	/home/haola/workspace/backend/go/telebot(it works)/utils/canal_event.go:59	insert video_changes	{"row": {"ID":2,"Title":"test","PlayUrl":"test","DownUrl":"test","CreatedAt":"2023-05-23T17:00:02Z","UpdatedAt":"2023-05-23T17:00:02Z"}}
[TELEBOT]2023/05/26 - 18:27:26.629	[34minfo[0m	/home/haola/workspace/backend/go/telebot(it works)/utils/canal_event.go:59	insert video_changes	{"row": {"ID":3,"Title":"tet","PlayUrl":"test","DownUrl":"test","CreatedAt":"2023-05-23T17:00:02Z","UpdatedAt":"2023-05-23T17:00:02Z"}}
[TELEBOT]2023/05/26 - 18:27:26.629	[34minfo[0m	/home/haola/workspace/backend/go/telebot(it works)/utils/canal_event.go:59	insert video_changes	{"row": {"ID":4,"Title":"test","PlayUrl":"test","DownUrl":"test","CreatedAt":"2023-05-23T17:00:02Z","UpdatedAt":"2023-05-23T17:00:02Z"}}
[TELEBOT]2023/05/26 - 18:27:26.629	[34minfo[0m	/home/haola/workspace/backend/go/telebot(it works)/utils/canal_event.go:59	insert video_changes	{"row": {"ID":5,"Title":"test","PlayUrl":"test","DownUrl":"test","CreatedAt":"2023-05-26T17:00:02Z","UpdatedAt":"2023-05-26T17:00:02Z"}}
[TELEBOT]2023/05/26 - 18:27:26.629	[34minfo[0m	/home/haola/workspace/backend/go/telebot(it works)/utils/canal_event.go:59	insert video_changes	{"row": {"ID":6,"Title":"asdf","PlayUrl":"asdf","DownUrl":"adsf","CreatedAt":"2023-05-26T17:00:02Z","UpdatedAt":"2023-05-26T17:00:02Z"}}
[TELEBOT]2023/05/26 - 18:39:52.215	[34minfo[0m	/home/haola/workspace/backend/go/telebot(it works)/initialize/canal.go:34	canal is running
[TELEBOT]2023/05/26 - 18:40:04.627	[34minfo[0m	/home/haola/workspace/backend/go/telebot(it works)/utils/canal_event.go:59	insert video_changes	{"row": {"ID":1,"Title":"test","PlayUrl":"","DownUrl":"","CreatedAt":"2023-05-23T17:00:02Z","UpdatedAt":"2023-05-23T17:00:02Z"}}
[TELEBOT]2023/05/26 - 18:40:04.627	[34minfo[0m	/home/haola/workspace/backend/go/telebot(it works)/utils/canal_event.go:59	insert video_changes	{"row": {"ID":2,"Title":"test","PlayUrl":"test","DownUrl":"test","CreatedAt":"2023-05-23T17:00:02Z","UpdatedAt":"2023-05-23T17:00:02Z"}}
[TELEBOT]2023/05/26 - 18:40:04.627	[34minfo[0m	/home/haola/workspace/backend/go/telebot(it works)/utils/canal_event.go:59	insert video_changes	{"row": {"ID":3,"Title":"tet","PlayUrl":"test","DownUrl":"test","CreatedAt":"2023-05-23T17:00:02Z","UpdatedAt":"2023-05-23T17:00:02Z"}}
[TELEBOT]2023/05/26 - 18:40:04.627	[34minfo[0m	/home/haola/workspace/backend/go/telebot(it works)/utils/canal_event.go:59	insert video_changes	{"row": {"ID":4,"Title":"test","PlayUrl":"test","DownUrl":"test","CreatedAt":"2023-05-23T17:00:02Z","UpdatedAt":"2023-05-23T17:00:02Z"}}
[TELEBOT]2023/05/26 - 18:40:04.628	[34minfo[0m	/home/haola/workspace/backend/go/telebot(it works)/utils/canal_event.go:59	insert video_changes	{"row": {"ID":5,"Title":"test","PlayUrl":"test","DownUrl":"test","CreatedAt":"2023-05-26T17:00:02Z","UpdatedAt":"2023-05-26T17:00:02Z"}}
[TELEBOT]2023/05/26 - 18:40:04.628	[34minfo[0m	/home/haola/workspace/backend/go/telebot(it works)/utils/canal_event.go:59	insert video_changes	{"row": {"ID":6,"Title":"asdf","PlayUrl":"asdf","DownUrl":"adsf","CreatedAt":"2023-05-26T17:00:02Z","UpdatedAt":"2023-05-26T17:00:02Z"}}
[TELEBOT]2023/05/26 - 19:13:52.659	[34minfo[0m	/home/haola/workspace/backend/go/telebot(it works)/initialize/canal.go:34	canal is running
[TELEBOT]2023/05/26 - 19:14:05.433	[34minfo[0m	/home/haola/workspace/backend/go/telebot(it works)/utils/canal_event.go:59	insert video_changes	{"row": {"ID":1,"Title":"test","PlayUrl":"","DownUrl":"","CreatedAt":"2023-05-23T17:00:02Z","UpdatedAt":"2023-05-23T17:00:02Z"}}
[TELEBOT]2023/05/26 - 19:14:05.433	[34minfo[0m	/home/haola/workspace/backend/go/telebot(it works)/utils/canal_event.go:59	insert video_changes	{"row": {"ID":2,"Title":"test","PlayUrl":"test","DownUrl":"test","CreatedAt":"2023-05-23T17:00:02Z","UpdatedAt":"2023-05-23T17:00:02Z"}}
[TELEBOT]2023/05/26 - 19:14:05.433	[34minfo[0m	/home/haola/workspace/backend/go/telebot(it works)/utils/canal_event.go:59	insert video_changes	{"row": {"ID":3,"Title":"tet","PlayUrl":"test","DownUrl":"test","CreatedAt":"2023-05-23T17:00:02Z","UpdatedAt":"2023-05-23T17:00:02Z"}}
[TELEBOT]2023/05/26 - 19:14:05.433	[34minfo[0m	/home/haola/workspace/backend/go/telebot(it works)/utils/canal_event.go:59	insert video_changes	{"row": {"ID":4,"Title":"test","PlayUrl":"test","DownUrl":"test","CreatedAt":"2023-05-23T17:00:02Z","UpdatedAt":"2023-05-23T17:00:02Z"}}
[TELEBOT]2023/05/26 - 19:14:05.433	[34minfo[0m	/home/haola/workspace/backend/go/telebot(it works)/utils/canal_event.go:59	insert video_changes	{"row": {"ID":5,"Title":"test","PlayUrl":"test","DownUrl":"test","CreatedAt":"2023-05-26T17:00:02Z","UpdatedAt":"2023-05-26T17:00:02Z"}}
[TELEBOT]2023/05/26 - 19:14:05.433	[34minfo[0m	/home/haola/workspace/backend/go/telebot(it works)/utils/canal_event.go:59	insert video_changes	{"row": {"ID":6,"Title":"asdf","PlayUrl":"asdf","DownUrl":"adsf","CreatedAt":"2023-05-26T17:00:02Z","UpdatedAt":"2023-05-26T17:00:02Z"}}
